<?xml version="1.0" encoding="UTF-8"?>
<!-- Generated by org.testng.reporters.JUnitReportReporter -->
<testsuite hostname="Ahads-Air" failures="0" tests="3" name="Tests.Tc1" time="0.031" errors="0" timestamp="2023-05-02T16:26:09 IST" skipped="0">
  <testcase classname="Tests.Tc1" name="GetURL" time="0.006"/>
  <system-out/>
  <testcase classname="Tests.Tc1" name="GetWindowHandle" time="0.006"/>
  <system-out/>
  <testcase classname="Tests.Tc1" name="GetTitle" time="0.019"/>
  <system-out/>
</testsuite> <!-- Tests.Tc1 -->
